\BOOKMARK [1][-]{section.1}{\376\377\000L\000e\000c\000t\000u\000r\000e\000\040\0001\000:\000\040\000I\000n\000t\000r\000o\000d\000u\000c\000t\000i\000o\000n\000\040\000t\000o\000\040\000F\000i\000n\000a\000n\000c\000e}{}% 1
\BOOKMARK [2][-]{subsection.1.1}{\376\377\000E\000c\000o\000n\000o\000m\000i\000c\000s}{section.1}% 2
\BOOKMARK [2][-]{subsection.1.2}{\376\377\000F\000i\000n\000a\000n\000c\000e}{section.1}% 3
\BOOKMARK [3][-]{subsubsection.1.2.1}{\376\377\000P\000r\000i\000m\000a\000r\000y\000\040\000M\000a\000r\000k\000e\000t}{subsection.1.2}% 4
\BOOKMARK [3][-]{subsubsection.1.2.2}{\376\377\000S\000e\000c\000o\000n\000d\000a\000r\000y\000\040\000M\000a\000r\000k\000e\000t}{subsection.1.2}% 5
\BOOKMARK [3][-]{subsubsection.1.2.3}{\376\377\000P\000u\000r\000p\000o\000s\000e\000\040\000o\000f\000\040\000F\000i\000n\000a\000n\000c\000i\000a\000l\000\040\000M\000a\000r\000k\000e\000t\000s}{subsection.1.2}% 6
\BOOKMARK [3][-]{subsubsection.1.2.4}{\376\377\000I\000m\000p\000o\000r\000t\000a\000n\000t\000\040\000A\000s\000s\000u\000m\000p\000t\000i\000o\000n\000s}{subsection.1.2}% 7
\BOOKMARK [1][-]{section.2}{\376\377\000L\000e\000c\000t\000u\000r\000e\000\040\0002\000:\000\040\000T\000i\000m\000e\000\040\000V\000a\000l\000u\000e\000\040\000o\000f\000\040\000M\000o\000n\000e\000y\000\040}{}% 8
\BOOKMARK [2][-]{subsection.2.1}{\376\377\000F\000u\000t\000u\000r\000e\000\040\000V\000a\000l\000u\000e\000\040\000\050\000F\000V\000\051}{section.2}% 9
\BOOKMARK [2][-]{subsection.2.2}{\376\377\000P\000r\000e\000s\000e\000n\000t\000\040\000V\000a\000l\000u\000e\000\040\000\050\000P\000V\000\051\000\040\000o\000r\000\040\000P\000r\000i\000c\000e}{section.2}% 10
\BOOKMARK [2][-]{subsection.2.3}{\376\377\000Y\000i\000e\000l\000d\000\040\000\050\000R\000\051\000:\000\040\000R\000a\000t\000e\000\040\000o\000f\000\040\000r\000e\000t\000u\000r\000n}{section.2}% 11
\BOOKMARK [2][-]{subsection.2.4}{\376\377\000D\000i\000s\000c\000o\000u\000n\000t\000\040\000F\000a\000c\000t\000o\000r}{section.2}% 12
\BOOKMARK [2][-]{subsection.2.5}{\376\377\000P\000e\000r\000p\000e\000t\000u\000i\000t\000i\000e\000s}{section.2}% 13
\BOOKMARK [3][-]{subsubsection.2.5.1}{\376\377\000G\000r\000o\000w\000i\000n\000g\000/\000I\000n\000f\000i\000n\000i\000t\000e\000\040\000P\000e\000r\000p\000e\000t\000u\000i\000t\000i\000e\000s}{subsection.2.5}% 14
\BOOKMARK [2][-]{subsection.2.6}{\376\377\000F\000i\000x\000e\000d\000\040\000H\000o\000r\000i\000z\000o\000n\000\040\000A\000n\000n\000u\000i\000t\000i\000e\000s}{section.2}% 15
\BOOKMARK [1][-]{section.3}{\376\377\000L\000e\000c\000t\000u\000r\000e\000\040\0003\000:\000\040\000P\000o\000r\000t\000f\000o\000l\000i\000o\000\040\000S\000e\000l\000e\000c\000t\000i\000o\000n}{}% 16
\BOOKMARK [2][-]{subsection.3.1}{\376\377\000E\000x\000p\000e\000c\000t\000e\000d\000\040\000V\000a\000l\000u\000e}{section.3}% 17
\BOOKMARK [2][-]{subsection.3.2}{\376\377\000V\000a\000r\000i\000a\000n\000c\000e}{section.3}% 18
\BOOKMARK [2][-]{subsection.3.3}{\376\377\000C\000o\000v\000a\000r\000i\000a\000n\000c\000e}{section.3}% 19
\BOOKMARK [2][-]{subsection.3.4}{\376\377\000C\000o\000r\000r\000e\000l\000a\000t\000i\000o\000n}{section.3}% 20
\BOOKMARK [2][-]{subsection.3.5}{\376\377\000P\000o\000r\000t\000f\000o\000l\000i\000o\000\040\000A\000l\000l\000o\000c\000a\000t\000i\000o\000n}{section.3}% 21
\BOOKMARK [3][-]{subsubsection.3.5.1}{\376\377\0001\000\040\000r\000i\000s\000k\000y\000,\000\040\0001\000\040\000r\000i\000s\000k\000-\000f\000r\000e\000e}{subsection.3.5}% 22
\BOOKMARK [3][-]{subsubsection.3.5.2}{\376\377\0002\000\040\000r\000i\000s\000k\000y\000,\000\040\0001\000\040\000r\000i\000s\000k\000-\000f\000r\000e\000e}{subsection.3.5}% 23
\BOOKMARK [3][-]{subsubsection.3.5.3}{\376\377\000E\000q\000u\000a\000l\000-\000W\000e\000i\000g\000h\000t\000e\000d\000\040\000P\000o\000r\000t\000f\000o\000l\000i\000o}{subsection.3.5}% 24
\BOOKMARK [1][-]{section.4}{\376\377\000L\000e\000c\000t\000u\000r\000e\000\040\0004\000:\000\040\000C\000a\000p\000i\000t\000a\000l\000\040\000A\000s\000s\000e\000t\000\040\000P\000r\000i\000c\000i\000n\000g\000\040\000M\000o\000d\000e\000l\000\040\000\050\000C\000A\000P\000M\000\051}{}% 25
\BOOKMARK [2][-]{subsection.4.1}{\376\377\000A\000p\000p\000l\000i\000c\000a\000t\000i\000o\000n\000\040\000o\000f\000\040\000C\000A\000P\000M\000\040\000\050\0001\000\051\000\040\040\023\000\040\000E\000x\000c\000e\000s\000s\000\040\000R\000e\000t\000u\000r\000n}{section.4}% 26
\BOOKMARK [2][-]{subsection.4.2}{\376\377\000A\000p\000p\000l\000i\000c\000a\000t\000i\000o\000n\000\040\000o\000f\000\040\000C\000A\000P\000M\000\040\000\050\0002\000\051\000\040\040\023\000\040\000C\000a\000p\000i\000t\000a\000l\000\040\000B\000u\000d\000g\000e\000t\000i\000n\000g\000\040\000D\000e\000c\000i\000s\000i\000o\000n\000s}{section.4}% 27
\BOOKMARK [2][-]{subsection.4.3}{\376\377\000I\000n\000d\000e\000x\000\040\000M\000o\000d\000e\000l}{section.4}% 28
\BOOKMARK [1][-]{section.5}{\376\377\000L\000e\000c\000t\000u\000r\000e\000\040\0005\000:\000\040\000R\000i\000s\000k\000\040\000P\000r\000i\000c\000i\000n\000g\000\040\000a\000n\000d\000\040\000A\000r\000b\000i\000t\000r\000a\000g\000e}{}% 29
\BOOKMARK [2][-]{subsection.5.1}{\376\377\000B\000i\000d\000-\000A\000s\000k\000\040\000S\000p\000r\000e\000a\000d}{section.5}% 30
\BOOKMARK [2][-]{subsection.5.2}{\376\377\000I\000m\000p\000l\000i\000c\000a\000t\000i\000o\000n\000\040\000o\000f\000\040\000N\000o\000\040\000A\000r\000b\000i\000t\000r\000a\000g\000e}{section.5}% 31
\BOOKMARK [3][-]{subsubsection.5.2.1}{\376\377\000T\000h\000e\000\040\000L\000a\000w\000\040\000o\000f\000\040\000O\000n\000e\000\040\000P\000r\000i\000c\000e\000\040\000\050\000L\000O\000O\000P\000\051}{subsection.5.2}% 32
\BOOKMARK [3][-]{subsubsection.5.2.2}{\376\377\000R\000e\000p\000l\000i\000c\000a\000t\000i\000n\000g\000\040\000P\000o\000r\000t\000f\000o\000l\000i\000o}{subsection.5.2}% 33
\BOOKMARK [3][-]{subsubsection.5.2.3}{\376\377\000D\000y\000n\000a\000m\000i\000c\000\040\000H\000e\000d\000g\000i\000n\000g\000\040\000S\000t\000r\000a\000t\000e\000g\000y}{subsection.5.2}% 34
\BOOKMARK [1][-]{section.6}{\376\377\000L\000e\000c\000t\000u\000r\000e\000\040\0006\000:\000\040\000E\000q\000u\000i\000t\000y\000\040\000V\000a\000l\000u\000a\000t\000i\000o\000n}{}% 35
\BOOKMARK [2][-]{subsection.6.1}{\376\377\000i\000n\000t\000r\000i\000n\000s\000i\000c\000\040\000V\000a\000l\000u\000e}{section.6}% 36
\BOOKMARK [2][-]{subsection.6.2}{\376\377\000M\000a\000r\000k\000e\000t\000\040\000V\000a\000l\000u\000e}{section.6}% 37
\BOOKMARK [2][-]{subsection.6.3}{\376\377\000D\000i\000v\000i\000d\000e\000n\000d\000\040\000D\000i\000s\000c\000o\000u\000n\000t\000\040\000M\000o\000d\000e\000l\000\040\000\050\000D\000D\000M\000\051}{section.6}% 38
\BOOKMARK [2][-]{subsection.6.4}{\376\377\000E\000x\000p\000e\000c\000t\000e\000d\000\040\000D\000i\000v\000i\000d\000e\000n\000d}{section.6}% 39
\BOOKMARK [3][-]{subsubsection.6.4.1}{\376\377\000D\000i\000v\000i\000d\000e\000n\000d\000\040\000P\000a\000y\000o\000u\000t\000\040\000R\000a\000t\000i\000o}{subsection.6.4}% 40
\BOOKMARK [3][-]{subsubsection.6.4.2}{\376\377\000E\000a\000r\000n\000i\000n\000g\000s\000-\000R\000e\000t\000e\000n\000t\000i\000o\000n\000\040\000R\000a\000t\000i\000o}{subsection.6.4}% 41
\BOOKMARK [2][-]{subsection.6.5}{\376\377\000D\000D\000M\000\040\000A\000n\000a\000l\000y\000s\000i\000s}{section.6}% 42
\BOOKMARK [3][-]{subsubsection.6.5.1}{\376\377\000D\000i\000v\000i\000d\000e\000n\000d\000\040\000c\000o\000n\000s\000t\000a\000n\000t}{subsection.6.5}% 43
\BOOKMARK [3][-]{subsubsection.6.5.2}{\376\377\000D\000i\000v\000i\000d\000e\000n\000d\000\040\000g\000r\000o\000w\000\040\000a\000t\000\040\000r\000a\000t\000e\000\040\000g}{subsection.6.5}% 44
\BOOKMARK [2][-]{subsection.6.6}{\376\377\000T\000w\000o\000\040\000s\000t\000a\000g\000e\000\040\000v\000a\000l\000u\000a\000t\000i\000o\000n}{section.6}% 45
\BOOKMARK [2][-]{subsection.6.7}{\376\377\000V\000a\000l\000u\000a\000t\000i\000o\000n\000\040\000R\000a\000t\000i\000o}{section.6}% 46
\BOOKMARK [3][-]{subsubsection.6.7.1}{\376\377\000P\000r\000i\000c\000e\000-\000d\000i\000v\000i\000d\000e\000n\000d\000\040\000r\000a\000t\000i\000o}{subsection.6.7}% 47
\BOOKMARK [3][-]{subsubsection.6.7.2}{\376\377\000P\000r\000i\000c\000e\000-\000e\000a\000r\000n\000i\000n\000g\000s\000\040\000r\000a\000t\000i\000o}{subsection.6.7}% 48
\BOOKMARK [1][-]{section.7}{\376\377\000L\000e\000c\000t\000u\000r\000e\000\040\0007\000:\000\040\000F\000i\000x\000e\000d\000\040\000I\000n\000c\000o\000m\000e\000\040\000V\000a\000l\000u\000a\000t\000i\000o\000n}{}% 49
\BOOKMARK [2][-]{subsection.7.1}{\376\377\000B\000o\000n\000d\000\040\000P\000r\000i\000c\000i\000n\000g}{section.7}% 50
\BOOKMARK [2][-]{subsection.7.2}{\376\377\000Y\000i\000e\000l\000d\000\040\000T\000o\000\040\000M\000a\000t\000u\000r\000i\000t\000y\000\040\000\050\000Y\000T\000M\000\051}{section.7}% 51
\BOOKMARK [2][-]{subsection.7.3}{\376\377\000F\000o\000r\000w\000a\000r\000d\000\040\000I\000n\000t\000e\000r\000e\000s\000t\000\040\000R\000a\000t\000e}{section.7}% 52
\BOOKMARK [2][-]{subsection.7.4}{\376\377\000M\000o\000n\000e\000t\000a\000r\000y\000\040\000P\000o\000l\000i\000c\000y\000\040\000\050\000C\000e\000n\000t\000r\000a\000l\000\040\000B\000a\000n\000k\000\051}{section.7}% 53
\BOOKMARK [2][-]{subsection.7.5}{\376\377\000R\000a\000t\000i\000o\000n\000a\000l\000\040\000E\000x\000p\000e\000c\000t\000a\000t\000i\000o\000n\000s\000\040\000T\000h\000e\000o\000r\000y}{section.7}% 54
\BOOKMARK [2][-]{subsection.7.6}{\376\377\000L\000i\000q\000u\000i\000d\000i\000t\000y\000\040\000P\000r\000e\000f\000e\000r\000e\000n\000c\000e\000\040\000T\000h\000e\000o\000r\000y}{section.7}% 55
\BOOKMARK [2][-]{subsection.7.7}{\376\377\000S\000e\000g\000m\000e\000n\000t\000e\000d\000\040\000M\000a\000r\000k\000e\000t\000s\000\040\000T\000h\000e\000o\000r\000y}{section.7}% 56
\BOOKMARK [2][-]{subsection.7.8}{\376\377\000D\000u\000r\000a\000t\000i\000o\000n}{section.7}% 57
\BOOKMARK [1][-]{section.8}{\376\377\000L\000e\000c\000t\000u\000r\000e\000\040\0008\000:\000\040\000O\000p\000t\000i\000o\000n\000s}{}% 58
\BOOKMARK [2][-]{subsection.8.1}{\376\377\000P\000u\000t\000\040\000O\000p\000t\000i\000o\000n}{section.8}% 59
\BOOKMARK [2][-]{subsection.8.2}{\376\377\000C\000a\000l\000l\000\040\000O\000p\000t\000i\000o\000n}{section.8}% 60
\BOOKMARK [2][-]{subsection.8.3}{\376\377\000L\000o\000n\000g\000\040\000P\000o\000s\000i\000t\000i\000o\000n}{section.8}% 61
\BOOKMARK [2][-]{subsection.8.4}{\376\377\000S\000h\000o\000r\000t\000\040\000P\000o\000s\000i\000t\000i\000o\000n}{section.8}% 62
\BOOKMARK [2][-]{subsection.8.5}{\376\377\000E\000v\000a\000l\000u\000a\000t\000e\000\040\000O\000p\000t\000i\000o\000n\000s\000\040\000a\000t\000\040\000E\000x\000p\000i\000r\000y}{section.8}% 63
\BOOKMARK [2][-]{subsection.8.6}{\376\377\000O\000p\000t\000i\000o\000n\000\040\000S\000t\000r\000a\000t\000e\000g\000i\000e\000s}{section.8}% 64
\BOOKMARK [3][-]{subsubsection.8.6.1}{\376\377\000C\000o\000v\000e\000r\000e\000d\000\040\000C\000a\000l\000l\000s}{subsection.8.6}% 65
\BOOKMARK [3][-]{subsubsection.8.6.2}{\376\377\000P\000r\000o\000t\000e\000c\000t\000e\000d\000\040\000P\000u\000t}{subsection.8.6}% 66
\BOOKMARK [3][-]{subsubsection.8.6.3}{\376\377\000B\000u\000l\000l\000\040\000S\000p\000r\000e\000a\000d}{subsection.8.6}% 67
\BOOKMARK [3][-]{subsubsection.8.6.4}{\376\377\000B\000e\000a\000r\000\040\000S\000p\000r\000e\000a\000d}{subsection.8.6}% 68
\BOOKMARK [3][-]{subsubsection.8.6.5}{\376\377\000B\000u\000t\000t\000e\000r\000f\000l\000y\000\040\000S\000p\000r\000e\000a\000d}{subsection.8.6}% 69
\BOOKMARK [3][-]{subsubsection.8.6.6}{\376\377\000S\000t\000r\000a\000d\000d\000l\000e\000s\000/\000s\000t\000r\000a\000n\000g\000l\000e\000s}{subsection.8.6}% 70
\BOOKMARK [3][-]{subsubsection.8.6.7}{\376\377\000S\000t\000r\000i\000p\000s\000/\000s\000t\000r\000a\000p\000s}{subsection.8.6}% 71
\BOOKMARK [2][-]{subsection.8.7}{\376\377\000P\000u\000t\000-\000C\000a\000l\000l\000\040\000P\000a\000r\000i\000t\000y}{section.8}% 72
\BOOKMARK [2][-]{subsection.8.8}{\376\377\000O\000p\000t\000i\000o\000n\000\040\000P\000r\000i\000c\000i\000n\000g}{section.8}% 73
\BOOKMARK [3][-]{subsubsection.8.8.1}{\376\377\000R\000i\000s\000k\000-\000N\000e\000u\000t\000r\000a\000l\000\040\000P\000r\000o\000b\000a\000b\000i\000l\000i\000t\000y\000\040\000D\000i\000s\000t\000r\000i\000b\000u\000t\000i\000o\000n}{subsection.8.8}% 74
\BOOKMARK [3][-]{subsubsection.8.8.2}{\376\377\000H\000o\000w\000\040\000t\000o\000\040\000g\000e\000t\000\040\000Q\000\040\000d\000i\000s\000t\000r\000i\000b\000u\000t\000i\000o\000n}{subsection.8.8}% 75
\BOOKMARK [3][-]{subsubsection.8.8.3}{\376\377\000O\000p\000t\000i\000o\000n\000\040\000P\000r\000i\000c\000i\000n\000g}{subsection.8.8}% 76
